This file contains any messages produced by compilers while
running configure, to aid debugging if configure makes a mistake.

It was created by gngeo configure 0.8, which was
generated by GNU Autoconf 2.69.  Invocation command line was

  $ ./configure --host=arm-linux

## --------- ##
## Platform. ##
## --------- ##

hostname = debian
uname -m = x86_64
uname -r = 4.18.0
uname -s = Linux
uname -v = #1 SMP Wed Aug 22 03:11:49 EDT 2018

/usr/bin/uname -p = unknown
/bin/uname -X     = unknown

/bin/arch              = unknown
/usr/bin/arch -k       = unknown
/usr/convex/getsysinfo = unknown
/usr/bin/hostinfo      = unknown
/bin/machine           = unknown
/usr/bin/oslevel       = unknown
/bin/universe          = unknown

PATH: /usr/local/bin
PATH: /usr/bin
PATH: /bin
PATH: /usr/local/games
PATH: /usr/games
PATH: /opt/miyoo/bin/


## ----------- ##
## Core tests. ##
## ----------- ##

configure:2264: checking build system type
configure:2278: result: x86_64-unknown-linux-gnu
configure:2298: checking host system type
configure:2311: result: arm-unknown-linux-gnu
configure:2331: checking target system type
configure:2344: result: arm-unknown-linux-gnu
configure:2390: checking for a BSD-compatible install
configure:2458: result: /usr/bin/install -c
configure:2469: checking whether build environment is sane
configure:2519: result: yes
configure:2568: checking for arm-linux-strip
configure:2584: found /opt/miyoo/bin//arm-linux-strip
configure:2595: result: arm-linux-strip
configure:2660: checking for a thread-safe mkdir -p
configure:2699: result: /bin/mkdir -p
configure:2712: checking for gawk
configure:2742: result: no
configure:2712: checking for mawk
configure:2728: found /usr/bin/mawk
configure:2739: result: mawk
configure:2750: checking whether make sets $(MAKE)
configure:2772: result: yes
configure:2801: checking whether make supports nested variables
configure:2818: result: yes
configure:2902: checking whether make supports nested variables
configure:2919: result: yes
configure:2947: checking for arm-linux-gcc
configure:2974: result: arm-linux-gcc
configure:3243: checking for C compiler version
configure:3252: arm-linux-gcc --version >&5
arm-linux-gcc.br_real (Buildroot 2018.02) 7.3.0
Copyright (C) 2017 Free Software Foundation, Inc.
This is free software; see the source for copying conditions.  There is NO
warranty; not even for MERCHANTABILITY or FITNESS FOR A PARTICULAR PURPOSE.

configure:3263: $? = 0
configure:3252: arm-linux-gcc -v >&5
Using built-in specs.
COLLECT_GCC=/opt/miyoo/bin/arm-linux-gcc.br_real
COLLECT_LTO_WRAPPER=/opt/miyoo/libexec/gcc/arm-miyoo-linux-uclibcgnueabi/7.3.0/lto-wrapper
Target: arm-miyoo-linux-uclibcgnueabi
Configured with: ./configure --prefix=/opt/miyoo --sysconfdir=/opt/miyoo/etc --enable-static --target=arm-miyoo-linux-uclibcgnueabi --with-sysroot=/opt/miyoo/arm-miyoo-linux-uclibcgnueabi/sysroot --disable-__cxa_atexit --with-gnu-ld --disable-libssp --disable-multilib --with-gmp=/opt/miyoo --with-mpc=/opt/miyoo --with-mpfr=/opt/miyoo --with-pkgversion='Buildroot 2018.02' --with-bugurl=http://bugs.buildroot.net/ --disable-libquadmath --disable-libsanitizer --enable-tls --enable-plugins --enable-lto --disable-libmudflap --enable-threads --without-isl --without-cloog --with-float=soft --disable-decimal-float --with-abi=aapcs-linux --with-cpu=arm926ej-s --with-float=soft --with-mode=arm --enable-languages=c,c++ --with-build-time-tools=/opt/miyoo/arm-miyoo-linux-uclibcgnueabi/bin --enable-shared --disable-libgomp
Thread model: posix
gcc version 7.3.0 (Buildroot 2018.02) 
configure:3263: $? = 0
configure:3252: arm-linux-gcc -V >&5
arm-linux-gcc.br_real: error: unrecognized command line option '-V'
arm-linux-gcc.br_real: fatal error: no input files
compilation terminated.
configure:3263: $? = 1
configure:3252: arm-linux-gcc -qversion >&5
arm-linux-gcc.br_real: error: unrecognized command line option '-qversion'; did you mean '--version'?
arm-linux-gcc.br_real: fatal error: no input files
compilation terminated.
configure:3263: $? = 1
configure:3283: checking whether the C compiler works
configure:3305: arm-linux-gcc    conftest.c  >&5
configure:3309: $? = 0
configure:3357: result: yes
configure:3360: checking for C compiler default output file name
configure:3362: result: a.out
configure:3368: checking for suffix of executables
configure:3375: arm-linux-gcc -o conftest    conftest.c  >&5
configure:3379: $? = 0
configure:3401: result: 
configure:3423: checking whether we are cross compiling
configure:3431: arm-linux-gcc -o conftest    conftest.c  >&5
configure:3435: $? = 0
configure:3442: ./conftest
./configure: line 3444: ./conftest: cannot execute binary file: Exec format error
configure:3446: $? = 126
configure:3461: result: yes
configure:3466: checking for suffix of object files
configure:3488: arm-linux-gcc -c   conftest.c >&5
configure:3492: $? = 0
configure:3513: result: o
configure:3517: checking whether we are using the GNU C compiler
configure:3536: arm-linux-gcc -c   conftest.c >&5
configure:3536: $? = 0
configure:3545: result: yes
configure:3554: checking whether arm-linux-gcc accepts -g
configure:3574: arm-linux-gcc -c -g  conftest.c >&5
configure:3574: $? = 0
configure:3615: result: yes
configure:3632: checking for arm-linux-gcc option to accept ISO C89
configure:3695: arm-linux-gcc  -c -g -O2  conftest.c >&5
configure:3695: $? = 0
configure:3708: result: none needed
configure:3739: checking for style of include used by make
configure:3767: result: GNU
configure:3793: checking dependency style of arm-linux-gcc
configure:3904: result: gcc3
configure:3922: checking for arm-linux-ranlib
configure:3938: found /opt/miyoo/bin//arm-linux-ranlib
configure:3949: result: arm-linux-ranlib
configure:4020: checking dependency style of arm-linux-gcc
configure:4129: result: gcc3
configure:4293: checking for sdl-config
configure:4324: result: /opt/miyoo/arm-miyoo-linux-uclibcgnueabi/sysroot/usr/bin/sdl-config
configure:4334: checking for SDL - version >= 1.2.0
configure:4436: result: yes
configure:4570: checking for acos in -lm
configure:4595: arm-linux-gcc -o conftest -g -O2 -I/opt/miyoo/arm-miyoo-linux-uclibcgnueabi/sysroot/usr/include/SDL -D_GNU_SOURCE=1 -D_REENTRANT   conftest.c -lm   -L/opt/miyoo/arm-miyoo-linux-uclibcgnueabi/sysroot/usr/lib -lSDL -lpthread >&5
conftest.c:18:6: warning: conflicting types for built-in function 'acos' [-Wbuiltin-declaration-mismatch]
 char acos ();
      ^~~~
configure:4595: $? = 0
configure:4604: result: yes
configure:4615: checking for inflate in -lz
configure:4640: arm-linux-gcc -o conftest -g -O2 -I/opt/miyoo/arm-miyoo-linux-uclibcgnueabi/sysroot/usr/include/SDL -D_GNU_SOURCE=1 -D_REENTRANT   conftest.c -lz  -lm  -L/opt/miyoo/arm-miyoo-linux-uclibcgnueabi/sysroot/usr/lib -lSDL -lpthread >&5
configure:4640: $? = 0
configure:4649: result: yes
configure:4664: checking for getopt_long
configure:4664: arm-linux-gcc -o conftest -g -O2 -I/opt/miyoo/arm-miyoo-linux-uclibcgnueabi/sysroot/usr/include/SDL -D_GNU_SOURCE=1 -D_REENTRANT   conftest.c -lz -lm  -L/opt/miyoo/arm-miyoo-linux-uclibcgnueabi/sysroot/usr/lib -lSDL -lpthread >&5
configure:4664: $? = 0
configure:4664: result: yes
configure:4687: checking for scandir
configure:4687: arm-linux-gcc -o conftest -g -O2 -I/opt/miyoo/arm-miyoo-linux-uclibcgnueabi/sysroot/usr/include/SDL -D_GNU_SOURCE=1 -D_REENTRANT   conftest.c -lz -lm  -L/opt/miyoo/arm-miyoo-linux-uclibcgnueabi/sysroot/usr/lib -lSDL -lpthread >&5
configure:4687: $? = 0
configure:4687: result: yes
configure:4698: checking for basename
configure:4698: arm-linux-gcc -o conftest -g -O2 -I/opt/miyoo/arm-miyoo-linux-uclibcgnueabi/sysroot/usr/include/SDL -D_GNU_SOURCE=1 -D_REENTRANT   conftest.c -lz -lm  -L/opt/miyoo/arm-miyoo-linux-uclibcgnueabi/sysroot/usr/lib -lSDL -lpthread >&5
configure:4698: $? = 0
configure:4698: result: yes
configure:4709: checking for mmap
configure:4709: arm-linux-gcc -o conftest -g -O2 -I/opt/miyoo/arm-miyoo-linux-uclibcgnueabi/sysroot/usr/include/SDL -D_GNU_SOURCE=1 -D_REENTRANT   conftest.c -lz -lm  -L/opt/miyoo/arm-miyoo-linux-uclibcgnueabi/sysroot/usr/lib -lSDL -lpthread >&5
configure:4709: $? = 0
configure:4709: result: yes
configure:4886: checking how to run the C preprocessor
configure:4917: arm-linux-gcc -E  conftest.c
configure:4917: $? = 0
configure:4931: arm-linux-gcc -E  conftest.c
conftest.c:19:10: fatal error: ac_nonexistent.h: No such file or directory
 #include <ac_nonexistent.h>
          ^~~~~~~~~~~~~~~~~~
compilation terminated.
configure:4931: $? = 1
configure: failed program was:
| /* confdefs.h */
| #define PACKAGE_NAME "gngeo"
| #define PACKAGE_TARNAME "gngeo"
| #define PACKAGE_VERSION "0.8"
| #define PACKAGE_STRING "gngeo 0.8"
| #define PACKAGE_BUGREPORT ""
| #define PACKAGE_URL ""
| #define PACKAGE "gngeo"
| #define VERSION "0.8"
| #define HAVE_LIBM 1
| #define HAVE_LIBZ 1
| #define HAVE_GETOPT_LONG 1
| #define HAVE_SCANDIR 1
| #define HAVE_BASENAME 1
| #define HAVE_MMAP 1
| #define USE_CYCLONE 1
| #define USE_DRZ80 1
| /* end confdefs.h.  */
| #include <ac_nonexistent.h>
configure:4956: result: arm-linux-gcc -E
configure:4976: arm-linux-gcc -E  conftest.c
configure:4976: $? = 0
configure:4990: arm-linux-gcc -E  conftest.c
conftest.c:19:10: fatal error: ac_nonexistent.h: No such file or directory
 #include <ac_nonexistent.h>
          ^~~~~~~~~~~~~~~~~~
compilation terminated.
configure:4990: $? = 1
configure: failed program was:
| /* confdefs.h */
| #define PACKAGE_NAME "gngeo"
| #define PACKAGE_TARNAME "gngeo"
| #define PACKAGE_VERSION "0.8"
| #define PACKAGE_STRING "gngeo 0.8"
| #define PACKAGE_BUGREPORT ""
| #define PACKAGE_URL ""
| #define PACKAGE "gngeo"
| #define VERSION "0.8"
| #define HAVE_LIBM 1
| #define HAVE_LIBZ 1
| #define HAVE_GETOPT_LONG 1
| #define HAVE_SCANDIR 1
| #define HAVE_BASENAME 1
| #define HAVE_MMAP 1
| #define USE_CYCLONE 1
| #define USE_DRZ80 1
| /* end confdefs.h.  */
| #include <ac_nonexistent.h>
configure:5019: checking for grep that handles long lines and -e
configure:5077: result: /bin/grep
configure:5082: checking for egrep
configure:5144: result: /bin/grep -E
configure:5149: checking for ANSI C header files
configure:5169: arm-linux-gcc -c -g -O2 -I/opt/miyoo/arm-miyoo-linux-uclibcgnueabi/sysroot/usr/include/SDL -D_GNU_SOURCE=1 -D_REENTRANT  conftest.c >&5
configure:5169: $? = 0
configure:5253: result: yes
configure:5266: checking for sys/types.h
configure:5266: arm-linux-gcc -c -g -O2 -I/opt/miyoo/arm-miyoo-linux-uclibcgnueabi/sysroot/usr/include/SDL -D_GNU_SOURCE=1 -D_REENTRANT  conftest.c >&5
configure:5266: $? = 0
configure:5266: result: yes
configure:5266: checking for sys/stat.h
configure:5266: arm-linux-gcc -c -g -O2 -I/opt/miyoo/arm-miyoo-linux-uclibcgnueabi/sysroot/usr/include/SDL -D_GNU_SOURCE=1 -D_REENTRANT  conftest.c >&5
configure:5266: $? = 0
configure:5266: result: yes
configure:5266: checking for stdlib.h
configure:5266: arm-linux-gcc -c -g -O2 -I/opt/miyoo/arm-miyoo-linux-uclibcgnueabi/sysroot/usr/include/SDL -D_GNU_SOURCE=1 -D_REENTRANT  conftest.c >&5
configure:5266: $? = 0
configure:5266: result: yes
configure:5266: checking for string.h
configure:5266: arm-linux-gcc -c -g -O2 -I/opt/miyoo/arm-miyoo-linux-uclibcgnueabi/sysroot/usr/include/SDL -D_GNU_SOURCE=1 -D_REENTRANT  conftest.c >&5
configure:5266: $? = 0
configure:5266: result: yes
configure:5266: checking for memory.h
configure:5266: arm-linux-gcc -c -g -O2 -I/opt/miyoo/arm-miyoo-linux-uclibcgnueabi/sysroot/usr/include/SDL -D_GNU_SOURCE=1 -D_REENTRANT  conftest.c >&5
configure:5266: $? = 0
configure:5266: result: yes
configure:5266: checking for strings.h
configure:5266: arm-linux-gcc -c -g -O2 -I/opt/miyoo/arm-miyoo-linux-uclibcgnueabi/sysroot/usr/include/SDL -D_GNU_SOURCE=1 -D_REENTRANT  conftest.c >&5
configure:5266: $? = 0
configure:5266: result: yes
configure:5266: checking for inttypes.h
configure:5266: arm-linux-gcc -c -g -O2 -I/opt/miyoo/arm-miyoo-linux-uclibcgnueabi/sysroot/usr/include/SDL -D_GNU_SOURCE=1 -D_REENTRANT  conftest.c >&5
configure:5266: $? = 0
configure:5266: result: yes
configure:5266: checking for stdint.h
configure:5266: arm-linux-gcc -c -g -O2 -I/opt/miyoo/arm-miyoo-linux-uclibcgnueabi/sysroot/usr/include/SDL -D_GNU_SOURCE=1 -D_REENTRANT  conftest.c >&5
configure:5266: $? = 0
configure:5266: result: yes
configure:5266: checking for unistd.h
configure:5266: arm-linux-gcc -c -g -O2 -I/opt/miyoo/arm-miyoo-linux-uclibcgnueabi/sysroot/usr/include/SDL -D_GNU_SOURCE=1 -D_REENTRANT  conftest.c >&5
configure:5266: $? = 0
configure:5266: result: yes
configure:5280: checking GL/gl.h usability
configure:5280: arm-linux-gcc -c -g -O2 -I/opt/miyoo/arm-miyoo-linux-uclibcgnueabi/sysroot/usr/include/SDL -D_GNU_SOURCE=1 -D_REENTRANT  conftest.c >&5
configure:5280: $? = 0
configure:5280: result: yes
configure:5280: checking GL/gl.h presence
configure:5280: arm-linux-gcc -E  conftest.c
configure:5280: $? = 0
configure:5280: result: yes
configure:5280: checking for GL/gl.h
configure:5280: result: yes
configure:5379: checking for dirent.h that defines DIR
configure:5398: arm-linux-gcc -c -g -O2 -I/opt/miyoo/arm-miyoo-linux-uclibcgnueabi/sysroot/usr/include/SDL -D_GNU_SOURCE=1 -D_REENTRANT  conftest.c >&5
configure:5398: $? = 0
configure:5406: result: yes
configure:5419: checking for library containing opendir
configure:5450: arm-linux-gcc -o conftest -g -O2 -I/opt/miyoo/arm-miyoo-linux-uclibcgnueabi/sysroot/usr/include/SDL -D_GNU_SOURCE=1 -D_REENTRANT   conftest.c -lz -lm  -L/opt/miyoo/arm-miyoo-linux-uclibcgnueabi/sysroot/usr/lib -lSDL -lpthread >&5
configure:5450: $? = 0
configure:5467: result: none required
configure:5534: checking for ANSI C header files
configure:5638: result: yes
configure:5649: checking errno.h usability
configure:5649: arm-linux-gcc -c -g -O2 -I/opt/miyoo/arm-miyoo-linux-uclibcgnueabi/sysroot/usr/include/SDL -D_GNU_SOURCE=1 -D_REENTRANT  conftest.c >&5
configure:5649: $? = 0
configure:5649: result: yes
configure:5649: checking errno.h presence
configure:5649: arm-linux-gcc -E  conftest.c
configure:5649: $? = 0
configure:5649: result: yes
configure:5649: checking for errno.h
configure:5649: result: yes
configure:5649: checking limits.h usability
configure:5649: arm-linux-gcc -c -g -O2 -I/opt/miyoo/arm-miyoo-linux-uclibcgnueabi/sysroot/usr/include/SDL -D_GNU_SOURCE=1 -D_REENTRANT  conftest.c >&5
configure:5649: $? = 0
configure:5649: result: yes
configure:5649: checking limits.h presence
configure:5649: arm-linux-gcc -E  conftest.c
configure:5649: $? = 0
configure:5649: result: yes
configure:5649: checking for limits.h
configure:5649: result: yes
configure:5649: checking malloc.h usability
configure:5649: arm-linux-gcc -c -g -O2 -I/opt/miyoo/arm-miyoo-linux-uclibcgnueabi/sysroot/usr/include/SDL -D_GNU_SOURCE=1 -D_REENTRANT  conftest.c >&5
configure:5649: $? = 0
configure:5649: result: yes
configure:5649: checking malloc.h presence
configure:5649: arm-linux-gcc -E  conftest.c
configure:5649: $? = 0
configure:5649: result: yes
configure:5649: checking for malloc.h
configure:5649: result: yes
configure:5649: checking stddef.h usability
configure:5649: arm-linux-gcc -c -g -O2 -I/opt/miyoo/arm-miyoo-linux-uclibcgnueabi/sysroot/usr/include/SDL -D_GNU_SOURCE=1 -D_REENTRANT  conftest.c >&5
configure:5649: $? = 0
configure:5649: result: yes
configure:5649: checking stddef.h presence
configure:5649: arm-linux-gcc -E  conftest.c
configure:5649: $? = 0
configure:5649: result: yes
configure:5649: checking for stddef.h
configure:5649: result: yes
configure:5649: checking for stdlib.h
configure:5649: result: yes
configure:5649: checking for string.h
configure:5649: result: yes
configure:5649: checking sys/time.h usability
configure:5649: arm-linux-gcc -c -g -O2 -I/opt/miyoo/arm-miyoo-linux-uclibcgnueabi/sysroot/usr/include/SDL -D_GNU_SOURCE=1 -D_REENTRANT  conftest.c >&5
configure:5649: $? = 0
configure:5649: result: yes
configure:5649: checking sys/time.h presence
configure:5649: arm-linux-gcc -E  conftest.c
configure:5649: $? = 0
configure:5649: result: yes
configure:5649: checking for sys/time.h
configure:5649: result: yes
configure:5649: checking for unistd.h
configure:5649: result: yes
configure:5661: checking for an ANSI C-conforming const
configure:5727: arm-linux-gcc -c -g -O2 -I/opt/miyoo/arm-miyoo-linux-uclibcgnueabi/sysroot/usr/include/SDL -D_GNU_SOURCE=1 -D_REENTRANT  conftest.c >&5
configure:5727: $? = 0
configure:5734: result: yes
configure:5742: checking for inline
configure:5758: arm-linux-gcc -c -g -O2 -I/opt/miyoo/arm-miyoo-linux-uclibcgnueabi/sysroot/usr/include/SDL -D_GNU_SOURCE=1 -D_REENTRANT  conftest.c >&5
configure:5758: $? = 0
configure:5766: result: inline
configure:5784: checking whether time.h and sys/time.h may both be included
configure:5804: arm-linux-gcc -c -g -O2 -I/opt/miyoo/arm-miyoo-linux-uclibcgnueabi/sysroot/usr/include/SDL -D_GNU_SOURCE=1 -D_REENTRANT  conftest.c >&5
configure:5804: $? = 0
configure:5811: result: yes
configure:5819: checking whether struct tm is in sys/time.h or time.h
configure:5839: arm-linux-gcc -c -g -O2 -I/opt/miyoo/arm-miyoo-linux-uclibcgnueabi/sysroot/usr/include/SDL -D_GNU_SOURCE=1 -D_REENTRANT  conftest.c >&5
configure:5839: $? = 0
configure:5846: result: time.h
configure:5854: checking whether byte ordering is bigendian
configure:5869: arm-linux-gcc -c -g -O2 -I/opt/miyoo/arm-miyoo-linux-uclibcgnueabi/sysroot/usr/include/SDL -D_GNU_SOURCE=1 -D_REENTRANT  conftest.c >&5
conftest.c:43:9: error: unknown type name 'not'
         not a universal capable compiler
         ^~~
conftest.c:43:15: error: expected '=', ',', ';', 'asm' or '__attribute__' before 'universal'
         not a universal capable compiler
               ^~~~~~~~~
conftest.c:43:15: error: unknown type name 'universal'
configure:5869: $? = 1
configure: failed program was:
| /* confdefs.h */
| #define PACKAGE_NAME "gngeo"
| #define PACKAGE_TARNAME "gngeo"
| #define PACKAGE_VERSION "0.8"
| #define PACKAGE_STRING "gngeo 0.8"
| #define PACKAGE_BUGREPORT ""
| #define PACKAGE_URL ""
| #define PACKAGE "gngeo"
| #define VERSION "0.8"
| #define HAVE_LIBM 1
| #define HAVE_LIBZ 1
| #define HAVE_GETOPT_LONG 1
| #define HAVE_SCANDIR 1
| #define HAVE_BASENAME 1
| #define HAVE_MMAP 1
| #define USE_CYCLONE 1
| #define USE_DRZ80 1
| #define STDC_HEADERS 1
| #define HAVE_SYS_TYPES_H 1
| #define HAVE_SYS_STAT_H 1
| #define HAVE_STDLIB_H 1
| #define HAVE_STRING_H 1
| #define HAVE_MEMORY_H 1
| #define HAVE_STRINGS_H 1
| #define HAVE_INTTYPES_H 1
| #define HAVE_STDINT_H 1
| #define HAVE_UNISTD_H 1
| #define HAVE_GL_GL_H 1
| #define USE_GL2 1
| #define HAVE_DIRENT_H 1
| #define STDC_HEADERS 1
| #define HAVE_ERRNO_H 1
| #define HAVE_LIMITS_H 1
| #define HAVE_MALLOC_H 1
| #define HAVE_STDDEF_H 1
| #define HAVE_STDLIB_H 1
| #define HAVE_STRING_H 1
| #define HAVE_SYS_TIME_H 1
| #define HAVE_UNISTD_H 1
| #define TIME_WITH_SYS_TIME 1
| /* end confdefs.h.  */
| #ifndef __APPLE_CC__
| 	       not a universal capable compiler
| 	     #endif
| 	     typedef int dummy;
| 
configure:5914: arm-linux-gcc -c -g -O2 -I/opt/miyoo/arm-miyoo-linux-uclibcgnueabi/sysroot/usr/include/SDL -D_GNU_SOURCE=1 -D_REENTRANT  conftest.c >&5
configure:5914: $? = 0
configure:5932: arm-linux-gcc -c -g -O2 -I/opt/miyoo/arm-miyoo-linux-uclibcgnueabi/sysroot/usr/include/SDL -D_GNU_SOURCE=1 -D_REENTRANT  conftest.c >&5
conftest.c: In function 'main':
conftest.c:49:4: error: unknown type name 'not'; did you mean 'ino_t'?
    not big endian
    ^~~
    ino_t
conftest.c:49:12: error: expected '=', ',', ';', 'asm' or '__attribute__' before 'endian'
    not big endian
            ^~~~~~
configure:5932: $? = 1
configure: failed program was:
| /* confdefs.h */
| #define PACKAGE_NAME "gngeo"
| #define PACKAGE_TARNAME "gngeo"
| #define PACKAGE_VERSION "0.8"
| #define PACKAGE_STRING "gngeo 0.8"
| #define PACKAGE_BUGREPORT ""
| #define PACKAGE_URL ""
| #define PACKAGE "gngeo"
| #define VERSION "0.8"
| #define HAVE_LIBM 1
| #define HAVE_LIBZ 1
| #define HAVE_GETOPT_LONG 1
| #define HAVE_SCANDIR 1
| #define HAVE_BASENAME 1
| #define HAVE_MMAP 1
| #define USE_CYCLONE 1
| #define USE_DRZ80 1
| #define STDC_HEADERS 1
| #define HAVE_SYS_TYPES_H 1
| #define HAVE_SYS_STAT_H 1
| #define HAVE_STDLIB_H 1
| #define HAVE_STRING_H 1
| #define HAVE_MEMORY_H 1
| #define HAVE_STRINGS_H 1
| #define HAVE_INTTYPES_H 1
| #define HAVE_STDINT_H 1
| #define HAVE_UNISTD_H 1
| #define HAVE_GL_GL_H 1
| #define USE_GL2 1
| #define HAVE_DIRENT_H 1
| #define STDC_HEADERS 1
| #define HAVE_ERRNO_H 1
| #define HAVE_LIMITS_H 1
| #define HAVE_MALLOC_H 1
| #define HAVE_STDDEF_H 1
| #define HAVE_STDLIB_H 1
| #define HAVE_STRING_H 1
| #define HAVE_SYS_TIME_H 1
| #define HAVE_UNISTD_H 1
| #define TIME_WITH_SYS_TIME 1
| /* end confdefs.h.  */
| #include <sys/types.h>
| 		#include <sys/param.h>
| 
| int
| main ()
| {
| #if BYTE_ORDER != BIG_ENDIAN
| 		 not big endian
| 		#endif
| 
|   ;
|   return 0;
| }
configure:6060: result: no
configure:6082: checking for vprintf
configure:6082: arm-linux-gcc -o conftest -g -O2 -I/opt/miyoo/arm-miyoo-linux-uclibcgnueabi/sysroot/usr/include/SDL -D_GNU_SOURCE=1 -D_REENTRANT   conftest.c -lz -lm  -L/opt/miyoo/arm-miyoo-linux-uclibcgnueabi/sysroot/usr/lib -lSDL -lpthread >&5
conftest.c:65:6: warning: conflicting types for built-in function 'vprintf' [-Wbuiltin-declaration-mismatch]
 char vprintf ();
      ^~~~~~~
configure:6082: $? = 0
configure:6082: result: yes
configure:6088: checking for _doprnt
configure:6088: arm-linux-gcc -o conftest -g -O2 -I/opt/miyoo/arm-miyoo-linux-uclibcgnueabi/sysroot/usr/include/SDL -D_GNU_SOURCE=1 -D_REENTRANT   conftest.c -lz -lm  -L/opt/miyoo/arm-miyoo-linux-uclibcgnueabi/sysroot/usr/lib -lSDL -lpthread >&5
/tmp/cc9UIOWi.o: In function `main':
/home/steward/Github/miyoo_src/gngeo/conftest.c:77: undefined reference to `_doprnt'
collect2: error: ld returned 1 exit status
configure:6088: $? = 1
configure: failed program was:
| /* confdefs.h */
| #define PACKAGE_NAME "gngeo"
| #define PACKAGE_TARNAME "gngeo"
| #define PACKAGE_VERSION "0.8"
| #define PACKAGE_STRING "gngeo 0.8"
| #define PACKAGE_BUGREPORT ""
| #define PACKAGE_URL ""
| #define PACKAGE "gngeo"
| #define VERSION "0.8"
| #define HAVE_LIBM 1
| #define HAVE_LIBZ 1
| #define HAVE_GETOPT_LONG 1
| #define HAVE_SCANDIR 1
| #define HAVE_BASENAME 1
| #define HAVE_MMAP 1
| #define USE_CYCLONE 1
| #define USE_DRZ80 1
| #define STDC_HEADERS 1
| #define HAVE_SYS_TYPES_H 1
| #define HAVE_SYS_STAT_H 1
| #define HAVE_STDLIB_H 1
| #define HAVE_STRING_H 1
| #define HAVE_MEMORY_H 1
| #define HAVE_STRINGS_H 1
| #define HAVE_INTTYPES_H 1
| #define HAVE_STDINT_H 1
| #define HAVE_UNISTD_H 1
| #define HAVE_GL_GL_H 1
| #define USE_GL2 1
| #define HAVE_DIRENT_H 1
| #define STDC_HEADERS 1
| #define HAVE_ERRNO_H 1
| #define HAVE_LIMITS_H 1
| #define HAVE_MALLOC_H 1
| #define HAVE_STDDEF_H 1
| #define HAVE_STDLIB_H 1
| #define HAVE_STRING_H 1
| #define HAVE_SYS_TIME_H 1
| #define HAVE_UNISTD_H 1
| #define TIME_WITH_SYS_TIME 1
| #define HAVE_VPRINTF 1
| /* end confdefs.h.  */
| /* Define _doprnt to an innocuous variant, in case <limits.h> declares _doprnt.
|    For example, HP-UX 11i <limits.h> declares gettimeofday.  */
| #define _doprnt innocuous__doprnt
| 
| /* System header to define __stub macros and hopefully few prototypes,
|     which can conflict with char _doprnt (); below.
|     Prefer <limits.h> to <assert.h> if __STDC__ is defined, since
|     <limits.h> exists even on freestanding compilers.  */
| 
| #ifdef __STDC__
| # include <limits.h>
| #else
| # include <assert.h>
| #endif
| 
| #undef _doprnt
| 
| /* Override any GCC internal prototype to avoid an error.
|    Use char because int might match the return type of a GCC
|    builtin and then its argument prototype would still apply.  */
| #ifdef __cplusplus
| extern "C"
| #endif
| char _doprnt ();
| /* The GNU C library defines this for functions which it implements
|     to always fail with ENOSYS.  Some functions are actually named
|     something starting with __ and the normal name is an alias.  */
| #if defined __stub__doprnt || defined __stub____doprnt
| choke me
| #endif
| 
| int
| main ()
| {
| return _doprnt ();
|   ;
|   return 0;
| }
configure:6088: result: no
configure:6102: checking for atexit
configure:6102: arm-linux-gcc -o conftest -g -O2 -I/opt/miyoo/arm-miyoo-linux-uclibcgnueabi/sysroot/usr/include/SDL -D_GNU_SOURCE=1 -D_REENTRANT   conftest.c -lz -lm  -L/opt/miyoo/arm-miyoo-linux-uclibcgnueabi/sysroot/usr/lib -lSDL -lpthread >&5
configure:6102: $? = 0
configure:6102: result: yes
configure:6102: checking for floor
configure:6102: arm-linux-gcc -o conftest -g -O2 -I/opt/miyoo/arm-miyoo-linux-uclibcgnueabi/sysroot/usr/include/SDL -D_GNU_SOURCE=1 -D_REENTRANT   conftest.c -lz -lm  -L/opt/miyoo/arm-miyoo-linux-uclibcgnueabi/sysroot/usr/lib -lSDL -lpthread >&5
conftest.c:67:6: warning: conflicting types for built-in function 'floor' [-Wbuiltin-declaration-mismatch]
 char floor ();
      ^~~~~
configure:6102: $? = 0
configure:6102: result: yes
configure:6102: checking for gettimeofday
configure:6102: arm-linux-gcc -o conftest -g -O2 -I/opt/miyoo/arm-miyoo-linux-uclibcgnueabi/sysroot/usr/include/SDL -D_GNU_SOURCE=1 -D_REENTRANT   conftest.c -lz -lm  -L/opt/miyoo/arm-miyoo-linux-uclibcgnueabi/sysroot/usr/lib -lSDL -lpthread >&5
configure:6102: $? = 0
configure:6102: result: yes
configure:6102: checking for memset
configure:6102: arm-linux-gcc -o conftest -g -O2 -I/opt/miyoo/arm-miyoo-linux-uclibcgnueabi/sysroot/usr/include/SDL -D_GNU_SOURCE=1 -D_REENTRANT   conftest.c -lz -lm  -L/opt/miyoo/arm-miyoo-linux-uclibcgnueabi/sysroot/usr/lib -lSDL -lpthread >&5
conftest.c:69:6: warning: conflicting types for built-in function 'memset' [-Wbuiltin-declaration-mismatch]
 char memset ();
      ^~~~~~
configure:6102: $? = 0
configure:6102: result: yes
configure:6102: checking for mkdir
configure:6102: arm-linux-gcc -o conftest -g -O2 -I/opt/miyoo/arm-miyoo-linux-uclibcgnueabi/sysroot/usr/include/SDL -D_GNU_SOURCE=1 -D_REENTRANT   conftest.c -lz -lm  -L/opt/miyoo/arm-miyoo-linux-uclibcgnueabi/sysroot/usr/lib -lSDL -lpthread >&5
configure:6102: $? = 0
configure:6102: result: yes
configure:6102: checking for pow
configure:6102: arm-linux-gcc -o conftest -g -O2 -I/opt/miyoo/arm-miyoo-linux-uclibcgnueabi/sysroot/usr/include/SDL -D_GNU_SOURCE=1 -D_REENTRANT   conftest.c -lz -lm  -L/opt/miyoo/arm-miyoo-linux-uclibcgnueabi/sysroot/usr/lib -lSDL -lpthread >&5
conftest.c:71:6: warning: conflicting types for built-in function 'pow' [-Wbuiltin-declaration-mismatch]
 char pow ();
      ^~~
configure:6102: $? = 0
configure:6102: result: yes
configure:6102: checking for strchr
configure:6102: arm-linux-gcc -o conftest -g -O2 -I/opt/miyoo/arm-miyoo-linux-uclibcgnueabi/sysroot/usr/include/SDL -D_GNU_SOURCE=1 -D_REENTRANT   conftest.c -lz -lm  -L/opt/miyoo/arm-miyoo-linux-uclibcgnueabi/sysroot/usr/lib -lSDL -lpthread >&5
conftest.c:72:6: warning: conflicting types for built-in function 'strchr' [-Wbuiltin-declaration-mismatch]
 char strchr ();
      ^~~~~~
configure:6102: $? = 0
configure:6102: result: yes
configure:6102: checking for strstr
configure:6102: arm-linux-gcc -o conftest -g -O2 -I/opt/miyoo/arm-miyoo-linux-uclibcgnueabi/sysroot/usr/include/SDL -D_GNU_SOURCE=1 -D_REENTRANT   conftest.c -lz -lm  -L/opt/miyoo/arm-miyoo-linux-uclibcgnueabi/sysroot/usr/lib -lSDL -lpthread >&5
conftest.c:73:6: warning: conflicting types for built-in function 'strstr' [-Wbuiltin-declaration-mismatch]
 char strstr ();
      ^~~~~~
configure:6102: $? = 0
configure:6102: result: yes
configure:6102: checking for strtoul
configure:6102: arm-linux-gcc -o conftest -g -O2 -I/opt/miyoo/arm-miyoo-linux-uclibcgnueabi/sysroot/usr/include/SDL -D_GNU_SOURCE=1 -D_REENTRANT   conftest.c -lz -lm  -L/opt/miyoo/arm-miyoo-linux-uclibcgnueabi/sysroot/usr/lib -lSDL -lpthread >&5
configure:6102: $? = 0
configure:6102: result: yes
configure:6153: result: Turning on arm processor optimisations
configure:6369: creating ./config.status

## ---------------------- ##
## Running config.status. ##
## ---------------------- ##

This file was extended by gngeo config.status 0.8, which was
generated by GNU Autoconf 2.69.  Invocation command line was

  CONFIG_FILES    = 
  CONFIG_HEADERS  = 
  CONFIG_LINKS    = 
  CONFIG_COMMANDS = 
  $ ./config.status 

on debian

config.status:944: creating Makefile
config.status:944: creating gngeo.dat/Makefile
config.status:944: creating pnd/Makefile
config.status:944: creating src/Makefile
config.status:944: creating src/raze/Makefile
config.status:944: creating src/star/Makefile
config.status:944: creating src/mamez80/Makefile
config.status:944: creating src/generator68k/Makefile
config.status:944: creating src/cyclone/Makefile
config.status:944: creating src/drz80/Makefile
config.status:944: creating src/effect/Makefile
config.status:944: creating src/blitter/Makefile
config.status:944: creating src/ym2610/Makefile
config.status:944: creating config.h
config.status:1173: executing depfiles commands

## ---------------- ##
## Cache variables. ##
## ---------------- ##

ac_cv_build=x86_64-unknown-linux-gnu
ac_cv_c_bigendian=no
ac_cv_c_compiler_gnu=yes
ac_cv_c_const=yes
ac_cv_c_inline=inline
ac_cv_env_CCASFLAGS_set=
ac_cv_env_CCASFLAGS_value=
ac_cv_env_CCAS_set=
ac_cv_env_CCAS_value=
ac_cv_env_CC_set=set
ac_cv_env_CC_value=arm-linux-gcc
ac_cv_env_CFLAGS_set=
ac_cv_env_CFLAGS_value=
ac_cv_env_CPPFLAGS_set=
ac_cv_env_CPPFLAGS_value=
ac_cv_env_CPP_set=
ac_cv_env_CPP_value=
ac_cv_env_LDFLAGS_set=
ac_cv_env_LDFLAGS_value=
ac_cv_env_LIBS_set=
ac_cv_env_LIBS_value=
ac_cv_env_build_alias_set=
ac_cv_env_build_alias_value=
ac_cv_env_host_alias_set=set
ac_cv_env_host_alias_value=arm-linux
ac_cv_env_target_alias_set=
ac_cv_env_target_alias_value=
ac_cv_func__doprnt=no
ac_cv_func_atexit=yes
ac_cv_func_basename=yes
ac_cv_func_floor=yes
ac_cv_func_getopt_long=yes
ac_cv_func_gettimeofday=yes
ac_cv_func_memset=yes
ac_cv_func_mkdir=yes
ac_cv_func_mmap=yes
ac_cv_func_pow=yes
ac_cv_func_scandir=yes
ac_cv_func_strchr=yes
ac_cv_func_strstr=yes
ac_cv_func_strtoul=yes
ac_cv_func_vprintf=yes
ac_cv_header_GL_gl_h=yes
ac_cv_header_dirent_dirent_h=yes
ac_cv_header_errno_h=yes
ac_cv_header_inttypes_h=yes
ac_cv_header_limits_h=yes
ac_cv_header_malloc_h=yes
ac_cv_header_memory_h=yes
ac_cv_header_stdc=yes
ac_cv_header_stddef_h=yes
ac_cv_header_stdint_h=yes
ac_cv_header_stdlib_h=yes
ac_cv_header_string_h=yes
ac_cv_header_strings_h=yes
ac_cv_header_sys_stat_h=yes
ac_cv_header_sys_time_h=yes
ac_cv_header_sys_types_h=yes
ac_cv_header_time=yes
ac_cv_header_unistd_h=yes
ac_cv_host=arm-unknown-linux-gnu
ac_cv_lib_m_acos=yes
ac_cv_lib_z_inflate=yes
ac_cv_objext=o
ac_cv_path_EGREP='/bin/grep -E'
ac_cv_path_GREP=/bin/grep
ac_cv_path_SDL_CONFIG=/opt/miyoo/arm-miyoo-linux-uclibcgnueabi/sysroot/usr/bin/sdl-config
ac_cv_path_install='/usr/bin/install -c'
ac_cv_path_mkdir=/bin/mkdir
ac_cv_prog_AWK=mawk
ac_cv_prog_CC=arm-linux-gcc
ac_cv_prog_CPP='arm-linux-gcc -E'
ac_cv_prog_RANLIB=arm-linux-ranlib
ac_cv_prog_STRIP=arm-linux-strip
ac_cv_prog_cc_c89=
ac_cv_prog_cc_g=yes
ac_cv_prog_make_make_set=yes
ac_cv_search_opendir='none required'
ac_cv_struct_tm=time.h
ac_cv_target=arm-unknown-linux-gnu
am_cv_CCAS_dependencies_compiler_type=gcc3
am_cv_CC_dependencies_compiler_type=gcc3
am_cv_make_support_nested_variables=yes

## ----------------- ##
## Output variables. ##
## ----------------- ##

ACLOCAL='${SHELL} /home/steward/Github/miyoo_src/gngeo/missing --run aclocal-1.11'
AMDEPBACKSLASH='\'
AMDEP_FALSE='#'
AMDEP_TRUE=''
AMTAR='$${TAR-tar}'
AM_BACKSLASH='\'
AM_DEFAULT_V='$(AM_DEFAULT_VERBOSITY)'
AM_DEFAULT_VERBOSITY='1'
AM_V='$(V)'
AUTOCONF='${SHELL} /home/steward/Github/miyoo_src/gngeo/missing --run autoconf'
AUTOHEADER='${SHELL} /home/steward/Github/miyoo_src/gngeo/missing --run autoheader'
AUTOMAKE='${SHELL} /home/steward/Github/miyoo_src/gngeo/missing --run automake-1.11'
AWK='mawk'
CC='arm-linux-gcc'
CCAS='arm-linux-gcc'
CCASDEPMODE='depmode=gcc3'
CCASFLAGS='-g -O2'
CCDEPMODE='depmode=gcc3'
CC_FOR_BUILD='gcc'
CFLAGS='-g -O2 -I/opt/miyoo/arm-miyoo-linux-uclibcgnueabi/sysroot/usr/include/SDL -D_GNU_SOURCE=1 -D_REENTRANT -O3 -Wall -ftracer -fstrength-reduce -Wno-unused -funroll-loops                     -fomit-frame-pointer -fstrict-aliasing -ffast-math 	   	    '
CPP='arm-linux-gcc -E'
CPPFLAGS=''
CYGPATH_W='echo'
DEFS='-DHAVE_CONFIG_H'
DEPDIR='.deps'
ECHO_C=''
ECHO_N='-n'
ECHO_T=''
EGREP='/bin/grep -E'
EXEEXT=''
GREP='/bin/grep'
HAVE_NASM_FALSE=''
HAVE_NASM_TRUE='#'
INSTALL_DATA='${INSTALL} -m 644'
INSTALL_PROGRAM='${INSTALL}'
INSTALL_SCRIPT='${INSTALL}'
INSTALL_STRIP_PROGRAM='$(install_sh) -c -s'
LDFLAGS=''
LIBOBJS=''
LIBS='-lz -lm  -L/opt/miyoo/arm-miyoo-linux-uclibcgnueabi/sysroot/usr/lib -lSDL -lpthread'
LTLIBOBJS=''
MAKEINFO='${SHELL} /home/steward/Github/miyoo_src/gngeo/missing --run makeinfo'
MKDIR_P='/bin/mkdir -p'
OBJEXT='o'
PACKAGE='gngeo'
PACKAGE_BUGREPORT=''
PACKAGE_NAME='gngeo'
PACKAGE_STRING='gngeo 0.8'
PACKAGE_TARNAME='gngeo'
PACKAGE_URL=''
PACKAGE_VERSION='0.8'
PATH_SEPARATOR=':'
PROCESSOR_ARM_FALSE='#'
PROCESSOR_ARM_TRUE=''
RANLIB='arm-linux-ranlib'
SDL_CFLAGS='-I/opt/miyoo/arm-miyoo-linux-uclibcgnueabi/sysroot/usr/include/SDL -D_GNU_SOURCE=1 -D_REENTRANT'
SDL_CONFIG='/opt/miyoo/arm-miyoo-linux-uclibcgnueabi/sysroot/usr/bin/sdl-config'
SDL_LIBS='-L/opt/miyoo/arm-miyoo-linux-uclibcgnueabi/sysroot/usr/lib -lSDL -lpthread'
SET_MAKE=''
SHELL='/bin/bash'
STRIP='arm-linux-strip'
USE_CYCLONE_FALSE='#'
USE_CYCLONE_TRUE=''
USE_DRZ80_FALSE='#'
USE_DRZ80_TRUE=''
USE_GENERATOR68K_FALSE=''
USE_GENERATOR68K_TRUE='#'
USE_GP2X_FALSE=''
USE_GP2X_TRUE='#'
USE_GUI_FALSE=''
USE_GUI_TRUE='#'
USE_MAMEZ80_FALSE=''
USE_MAMEZ80_TRUE='#'
USE_RAZE_FALSE=''
USE_RAZE_TRUE='#'
USE_STARSCREAM_FALSE=''
USE_STARSCREAM_TRUE='#'
USE_WIZ_FALSE=''
USE_WIZ_TRUE='#'
VERSION='0.8'
ac_ct_CC=''
am__EXEEXT_FALSE=''
am__EXEEXT_TRUE='#'
am__fastdepCCAS_FALSE='#'
am__fastdepCCAS_TRUE=''
am__fastdepCC_FALSE='#'
am__fastdepCC_TRUE=''
am__include='include'
am__isrc=''
am__leading_dot='.'
am__nodep='_no'
am__quote=''
am__tar='$${TAR-tar} chof - "$$tardir"'
am__untar='$${TAR-tar} xf -'
bindir='${exec_prefix}/bin'
build='x86_64-unknown-linux-gnu'
build_alias=''
build_cpu='x86_64'
build_os='linux-gnu'
build_vendor='unknown'
datadir='${datarootdir}'
datarootdir='${prefix}/share'
docdir='${datarootdir}/doc/${PACKAGE_TARNAME}'
dvidir='${docdir}'
exec_prefix='${prefix}'
have_nasm=''
host='arm-unknown-linux-gnu'
host_alias='arm-linux'
host_cpu='arm'
host_os='linux-gnu'
host_vendor='unknown'
htmldir='${docdir}'
includedir='${prefix}/include'
infodir='${datarootdir}/info'
install_sh='${SHELL} /home/steward/Github/miyoo_src/gngeo/install-sh'
libdir='${exec_prefix}/lib'
libexecdir='${exec_prefix}/libexec'
localedir='${datarootdir}/locale'
localstatedir='${prefix}/var'
mandir='${datarootdir}/man'
mkdir_p='/bin/mkdir -p'
oldincludedir='/usr/include'
pdfdir='${docdir}'
prefix='/usr/local'
program_transform_name='s,x,x,'
psdir='${docdir}'
runstatedir='${localstatedir}/run'
sbindir='${exec_prefix}/sbin'
sharedstatedir='${prefix}/com'
sysconfdir='${prefix}/etc'
target='arm-unknown-linux-gnu'
target_alias=''
target_cpu='arm'
target_os='linux-gnu'
target_vendor='unknown'

## ----------- ##
## confdefs.h. ##
## ----------- ##

/* confdefs.h */
#define PACKAGE_NAME "gngeo"
#define PACKAGE_TARNAME "gngeo"
#define PACKAGE_VERSION "0.8"
#define PACKAGE_STRING "gngeo 0.8"
#define PACKAGE_BUGREPORT ""
#define PACKAGE_URL ""
#define PACKAGE "gngeo"
#define VERSION "0.8"
#define HAVE_LIBM 1
#define HAVE_LIBZ 1
#define HAVE_GETOPT_LONG 1
#define HAVE_SCANDIR 1
#define HAVE_BASENAME 1
#define HAVE_MMAP 1
#define USE_CYCLONE 1
#define USE_DRZ80 1
#define STDC_HEADERS 1
#define HAVE_SYS_TYPES_H 1
#define HAVE_SYS_STAT_H 1
#define HAVE_STDLIB_H 1
#define HAVE_STRING_H 1
#define HAVE_MEMORY_H 1
#define HAVE_STRINGS_H 1
#define HAVE_INTTYPES_H 1
#define HAVE_STDINT_H 1
#define HAVE_UNISTD_H 1
#define HAVE_GL_GL_H 1
#define USE_GL2 1
#define HAVE_DIRENT_H 1
#define STDC_HEADERS 1
#define HAVE_ERRNO_H 1
#define HAVE_LIMITS_H 1
#define HAVE_MALLOC_H 1
#define HAVE_STDDEF_H 1
#define HAVE_STDLIB_H 1
#define HAVE_STRING_H 1
#define HAVE_SYS_TIME_H 1
#define HAVE_UNISTD_H 1
#define TIME_WITH_SYS_TIME 1
#define HAVE_VPRINTF 1
#define HAVE_ATEXIT 1
#define HAVE_FLOOR 1
#define HAVE_GETTIMEOFDAY 1
#define HAVE_MEMSET 1
#define HAVE_MKDIR 1
#define HAVE_POW 1
#define HAVE_STRCHR 1
#define HAVE_STRSTR 1
#define HAVE_STRTOUL 1
#define PROCESSOR_ARM 1
#define ALIGNLONGS ALIGNLONGS

configure: exit 0
